  ProyectoFinal.cpp
C:\Users\Juan Carlos Hdz\Desktop\Repositorio\315296822_Proyecto_Gpo09\ProyectoFinal\ProyectoFinal\ProyectoFinal.cpp(290,30): warning C4244: 'inicializando': conversión de 'double' a 'GLfloat'; posible pérdida de datos
C:\Users\Juan Carlos Hdz\Desktop\Repositorio\315296822_Proyecto_Gpo09\ProyectoFinal\ProyectoFinal\ProyectoFinal.cpp(425,29): warning C4244: '=': conversión de 'double' a 'float'; posible pérdida de datos
C:\Users\Juan Carlos Hdz\Desktop\Repositorio\315296822_Proyecto_Gpo09\ProyectoFinal\ProyectoFinal\ProyectoFinal.cpp(673,17): warning C4244: '=': conversión de 'double' a 'GLfloat'; posible pérdida de datos
C:\Users\Juan Carlos Hdz\Desktop\Repositorio\315296822_Proyecto_Gpo09\ProyectoFinal\ProyectoFinal\ProyectoFinal.cpp(674,17): warning C4244: '=': conversión de 'double' a 'GLfloat'; posible pérdida de datos
C:\Users\Juan Carlos Hdz\Desktop\Repositorio\315296822_Proyecto_Gpo09\ProyectoFinal\ProyectoFinal\ProyectoFinal.cpp(678,21): warning C4244: 'inicializando': conversión de 'double' a 'GLfloat'; posible pérdida de datos
C:\Users\Juan Carlos Hdz\Desktop\Repositorio\315296822_Proyecto_Gpo09\ProyectoFinal\ProyectoFinal\ProyectoFinal.cpp(679,21): warning C4244: 'inicializando': conversión de 'double' a 'GLfloat'; posible pérdida de datos
C:\Users\Juan Carlos Hdz\Desktop\Repositorio\315296822_Proyecto_Gpo09\ProyectoFinal\ProyectoFinal\ProyectoFinal.cpp(681,13): warning C4244: '=': conversión de 'double' a 'GLfloat'; posible pérdida de datos
C:\Users\Juan Carlos Hdz\Desktop\Repositorio\315296822_Proyecto_Gpo09\ProyectoFinal\ProyectoFinal\ProyectoFinal.cpp(682,13): warning C4244: '=': conversión de 'double' a 'GLfloat'; posible pérdida de datos
soil2-debug.lib(SOIL2.obj) : warning LNK4075: se omite '/EDITANDCONTINUE' debido a la especificación '/OPT:ICF'
LINK : warning LNK4098: la biblioteca predeterminada'MSVCRTD' entra en conflicto con otras bibliotecas; use la biblioteca /NODEFAULTLIB:biblioteca
  Generando código
  3 of 692 functions ( 0.4%) were compiled, the rest were copied from previous compilation.
    0 functions were new in current compilation
    0 functions had inline decision re-evaluated but remain unchanged
  Generación de código finalizada
soil2-debug.lib(etc1_utils.obj) : warning LNK4099: no se encontró PDB 'soil2-debug.pdb' con 'soil2-debug.lib(etc1_utils.obj)' o en 'C:\Users\Juan Carlos Hdz\Desktop\Repositorio\315296822_Proyecto_Gpo09\ProyectoFinal\Release\soil2-debug.pdb'; se vinculará el objeto sin tener en cuenta información de depuración
soil2-debug.lib(image_DXT.obj) : warning LNK4099: no se encontró PDB 'soil2-debug.pdb' con 'soil2-debug.lib(image_DXT.obj)' o en 'C:\Users\Juan Carlos Hdz\Desktop\Repositorio\315296822_Proyecto_Gpo09\ProyectoFinal\Release\soil2-debug.pdb'; se vinculará el objeto sin tener en cuenta información de depuración
soil2-debug.lib(image_helper.obj) : warning LNK4099: no se encontró PDB '' con 'soil2-debug.lib(image_helper.obj)' o en ''; se vinculará el objeto sin tener en cuenta información de depuración
soil2-debug.lib(SOIL2.obj) : warning LNK4099: no se encontró PDB 'soil2-debug.pdb' con 'soil2-debug.lib(SOIL2.obj)' o en 'C:\Users\Juan Carlos Hdz\Desktop\Repositorio\315296822_Proyecto_Gpo09\ProyectoFinal\Release\soil2-debug.pdb'; se vinculará el objeto sin tener en cuenta información de depuración
  ProyectoFinal.vcxproj -> C:\Users\Juan Carlos Hdz\Desktop\Repositorio\315296822_Proyecto_Gpo09\ProyectoFinal\Release\ProyectoFinal.exe
