  ProyectoFinal.cpp
C:\Users\Juan Carlos Hdz\Desktop\Repositorio\315296822_Proyecto_Gpo09\ProyectoFinal\ProyectoFinal\ProyectoFinal.cpp(394,30): warning C4244: 'inicializando': conversión de 'double' a 'GLfloat'; posible pérdida de datos
C:\Users\Juan Carlos Hdz\Desktop\Repositorio\315296822_Proyecto_Gpo09\ProyectoFinal\ProyectoFinal\ProyectoFinal.cpp(427,27): warning C4244: '=': conversión de 'double' a 'T'; posible pérdida de datos
          with
          [
              T=float
          ]
C:\Users\Juan Carlos Hdz\Desktop\Repositorio\315296822_Proyecto_Gpo09\ProyectoFinal\ProyectoFinal\ProyectoFinal.cpp(428,27): warning C4244: '=': conversión de 'double' a 'T'; posible pérdida de datos
          with
          [
              T=float
          ]
C:\Users\Juan Carlos Hdz\Desktop\Repositorio\315296822_Proyecto_Gpo09\ProyectoFinal\ProyectoFinal\ProyectoFinal.cpp(429,27): warning C4244: '=': conversión de 'double' a 'T'; posible pérdida de datos
          with
          [
              T=float
          ]
C:\Users\Juan Carlos Hdz\Desktop\Repositorio\315296822_Proyecto_Gpo09\ProyectoFinal\ProyectoFinal\ProyectoFinal.cpp(444,27): warning C4244: '=': conversión de 'double' a 'T'; posible pérdida de datos
          with
          [
              T=float
          ]
C:\Users\Juan Carlos Hdz\Desktop\Repositorio\315296822_Proyecto_Gpo09\ProyectoFinal\ProyectoFinal\ProyectoFinal.cpp(445,27): warning C4244: '=': conversión de 'double' a 'T'; posible pérdida de datos
          with
          [
              T=float
          ]
C:\Users\Juan Carlos Hdz\Desktop\Repositorio\315296822_Proyecto_Gpo09\ProyectoFinal\ProyectoFinal\ProyectoFinal.cpp(446,27): warning C4244: '=': conversión de 'double' a 'T'; posible pérdida de datos
          with
          [
              T=float
          ]
C:\Users\Juan Carlos Hdz\Desktop\Repositorio\315296822_Proyecto_Gpo09\ProyectoFinal\ProyectoFinal\ProyectoFinal.cpp(458,27): warning C4244: '=': conversión de 'double' a 'T'; posible pérdida de datos
          with
          [
              T=float
          ]
C:\Users\Juan Carlos Hdz\Desktop\Repositorio\315296822_Proyecto_Gpo09\ProyectoFinal\ProyectoFinal\ProyectoFinal.cpp(459,27): warning C4244: '=': conversión de 'double' a 'T'; posible pérdida de datos
          with
          [
              T=float
          ]
C:\Users\Juan Carlos Hdz\Desktop\Repositorio\315296822_Proyecto_Gpo09\ProyectoFinal\ProyectoFinal\ProyectoFinal.cpp(460,27): warning C4244: '=': conversión de 'double' a 'T'; posible pérdida de datos
          with
          [
              T=float
          ]
C:\Users\Juan Carlos Hdz\Desktop\Repositorio\315296822_Proyecto_Gpo09\ProyectoFinal\ProyectoFinal\ProyectoFinal.cpp(472,27): warning C4244: '=': conversión de 'double' a 'T'; posible pérdida de datos
          with
          [
              T=float
          ]
C:\Users\Juan Carlos Hdz\Desktop\Repositorio\315296822_Proyecto_Gpo09\ProyectoFinal\ProyectoFinal\ProyectoFinal.cpp(473,27): warning C4244: '=': conversión de 'double' a 'T'; posible pérdida de datos
          with
          [
              T=float
          ]
C:\Users\Juan Carlos Hdz\Desktop\Repositorio\315296822_Proyecto_Gpo09\ProyectoFinal\ProyectoFinal\ProyectoFinal.cpp(474,27): warning C4244: '=': conversión de 'double' a 'T'; posible pérdida de datos
          with
          [
              T=float
          ]
C:\Users\Juan Carlos Hdz\Desktop\Repositorio\315296822_Proyecto_Gpo09\ProyectoFinal\ProyectoFinal\ProyectoFinal.cpp(690,29): warning C4244: '=': conversión de 'double' a 'float'; posible pérdida de datos
C:\Users\Juan Carlos Hdz\Desktop\Repositorio\315296822_Proyecto_Gpo09\ProyectoFinal\ProyectoFinal\ProyectoFinal.cpp(960,17): warning C4244: '=': conversión de 'double' a 'GLfloat'; posible pérdida de datos
C:\Users\Juan Carlos Hdz\Desktop\Repositorio\315296822_Proyecto_Gpo09\ProyectoFinal\ProyectoFinal\ProyectoFinal.cpp(961,17): warning C4244: '=': conversión de 'double' a 'GLfloat'; posible pérdida de datos
C:\Users\Juan Carlos Hdz\Desktop\Repositorio\315296822_Proyecto_Gpo09\ProyectoFinal\ProyectoFinal\ProyectoFinal.cpp(965,21): warning C4244: 'inicializando': conversión de 'double' a 'GLfloat'; posible pérdida de datos
C:\Users\Juan Carlos Hdz\Desktop\Repositorio\315296822_Proyecto_Gpo09\ProyectoFinal\ProyectoFinal\ProyectoFinal.cpp(966,21): warning C4244: 'inicializando': conversión de 'double' a 'GLfloat'; posible pérdida de datos
C:\Users\Juan Carlos Hdz\Desktop\Repositorio\315296822_Proyecto_Gpo09\ProyectoFinal\ProyectoFinal\ProyectoFinal.cpp(968,13): warning C4244: '=': conversión de 'double' a 'GLfloat'; posible pérdida de datos
C:\Users\Juan Carlos Hdz\Desktop\Repositorio\315296822_Proyecto_Gpo09\ProyectoFinal\ProyectoFinal\ProyectoFinal.cpp(969,13): warning C4244: '=': conversión de 'double' a 'GLfloat'; posible pérdida de datos
LINK : warning LNK4098: la biblioteca predeterminada'MSVCRT' entra en conflicto con otras bibliotecas; use la biblioteca /NODEFAULTLIB:biblioteca
soil2-debug.lib(etc1_utils.obj) : warning LNK4099: no se encontró PDB 'soil2-debug.pdb' con 'soil2-debug.lib(etc1_utils.obj)' o en 'C:\Users\Juan Carlos Hdz\Desktop\Repositorio\315296822_Proyecto_Gpo09\ProyectoFinal\Debug\soil2-debug.pdb'; se vinculará el objeto sin tener en cuenta información de depuración
soil2-debug.lib(image_DXT.obj) : warning LNK4099: no se encontró PDB 'soil2-debug.pdb' con 'soil2-debug.lib(image_DXT.obj)' o en 'C:\Users\Juan Carlos Hdz\Desktop\Repositorio\315296822_Proyecto_Gpo09\ProyectoFinal\Debug\soil2-debug.pdb'; se vinculará el objeto sin tener en cuenta información de depuración
soil2-debug.lib(image_helper.obj) : warning LNK4099: no se encontró PDB 'soil2-debug.pdb' con 'soil2-debug.lib(image_helper.obj)' o en 'C:\Users\Juan Carlos Hdz\Desktop\Repositorio\315296822_Proyecto_Gpo09\ProyectoFinal\Debug\soil2-debug.pdb'; se vinculará el objeto sin tener en cuenta información de depuración
soil2-debug.lib(SOIL2.obj) : warning LNK4099: no se encontró PDB 'soil2-debug.pdb' con 'soil2-debug.lib(SOIL2.obj)' o en 'C:\Users\Juan Carlos Hdz\Desktop\Repositorio\315296822_Proyecto_Gpo09\ProyectoFinal\Debug\soil2-debug.pdb'; se vinculará el objeto sin tener en cuenta información de depuración
  ProyectoFinal.vcxproj -> C:\Users\Juan Carlos Hdz\Desktop\Repositorio\315296822_Proyecto_Gpo09\ProyectoFinal\Debug\ProyectoFinal.exe
